I, [2016-01-20T11:10:13.833176 #7639]  INFO -- : Started GET "/" for 127.0.0.1 at 2016-01-20 11:10:13 +0800
I, [2016-01-20T11:10:13.837151 #7639]  INFO -- : Processing by PagesController#welcome as HTML
I, [2016-01-20T11:10:13.847268 #7639]  INFO -- :   Rendered pages/welcome.html.erb within layouts/application (0.4ms)
I, [2016-01-20T11:10:13.848760 #7639]  INFO -- : Completed 200 OK in 11ms (Views: 5.0ms | ActiveRecord: 0.0ms)
I, [2016-01-20T11:10:13.869902 #7639]  INFO -- : Started GET "/stylesheets/application.css" for 127.0.0.1 at 2016-01-20 11:10:13 +0800
F, [2016-01-20T11:10:13.870891 #7639] FATAL -- : 
ActionController::RoutingError (No route matches [GET] "/stylesheets/application.css"):
  actionpack (4.2.5) lib/action_dispatch/middleware/debug_exceptions.rb:21:in `call'
  actionpack (4.2.5) lib/action_dispatch/middleware/show_exceptions.rb:30:in `call'
  railties (4.2.5) lib/rails/rack/logger.rb:38:in `call_app'
  railties (4.2.5) lib/rails/rack/logger.rb:20:in `block in call'
  activesupport (4.2.5) lib/active_support/tagged_logging.rb:68:in `block in tagged'
  activesupport (4.2.5) lib/active_support/tagged_logging.rb:26:in `tagged'
  activesupport (4.2.5) lib/active_support/tagged_logging.rb:68:in `tagged'
  railties (4.2.5) lib/rails/rack/logger.rb:20:in `call'
  actionpack (4.2.5) lib/action_dispatch/middleware/request_id.rb:21:in `call'
  rack (1.6.4) lib/rack/methodoverride.rb:22:in `call'
  rack (1.6.4) lib/rack/runtime.rb:18:in `call'
  activesupport (4.2.5) lib/active_support/cache/strategy/local_cache_middleware.rb:28:in `call'
  rack (1.6.4) lib/rack/sendfile.rb:113:in `call'
  railties (4.2.5) lib/rails/engine.rb:518:in `call'
  railties (4.2.5) lib/rails/application.rb:165:in `call'
  rack (1.6.4) lib/rack/content_length.rb:15:in `call'
  puma (2.15.3) lib/puma/server.rb:541:in `handle_request'
  puma (2.15.3) lib/puma/server.rb:388:in `process_client'
  puma (2.15.3) lib/puma/server.rb:270:in `block in run'
  puma (2.15.3) lib/puma/thread_pool.rb:106:in `call'
  puma (2.15.3) lib/puma/thread_pool.rb:106:in `block in spawn_thread'


I, [2016-01-20T11:10:13.871529 #7639]  INFO -- : Started GET "/javascripts/application.js" for 127.0.0.1 at 2016-01-20 11:10:13 +0800
F, [2016-01-20T11:10:13.872245 #7639] FATAL -- : 
ActionController::RoutingError (No route matches [GET] "/javascripts/application.js"):
  actionpack (4.2.5) lib/action_dispatch/middleware/debug_exceptions.rb:21:in `call'
  actionpack (4.2.5) lib/action_dispatch/middleware/show_exceptions.rb:30:in `call'
  railties (4.2.5) lib/rails/rack/logger.rb:38:in `call_app'
  railties (4.2.5) lib/rails/rack/logger.rb:20:in `block in call'
  activesupport (4.2.5) lib/active_support/tagged_logging.rb:68:in `block in tagged'
  activesupport (4.2.5) lib/active_support/tagged_logging.rb:26:in `tagged'
  activesupport (4.2.5) lib/active_support/tagged_logging.rb:68:in `tagged'
  railties (4.2.5) lib/rails/rack/logger.rb:20:in `call'
  actionpack (4.2.5) lib/action_dispatch/middleware/request_id.rb:21:in `call'
  rack (1.6.4) lib/rack/methodoverride.rb:22:in `call'
  rack (1.6.4) lib/rack/runtime.rb:18:in `call'
  activesupport (4.2.5) lib/active_support/cache/strategy/local_cache_middleware.rb:28:in `call'
  rack (1.6.4) lib/rack/sendfile.rb:113:in `call'
  railties (4.2.5) lib/rails/engine.rb:518:in `call'
  railties (4.2.5) lib/rails/application.rb:165:in `call'
  rack (1.6.4) lib/rack/content_length.rb:15:in `call'
  puma (2.15.3) lib/puma/server.rb:541:in `handle_request'
  puma (2.15.3) lib/puma/server.rb:388:in `process_client'
  puma (2.15.3) lib/puma/server.rb:270:in `block in run'
  puma (2.15.3) lib/puma/thread_pool.rb:106:in `call'
  puma (2.15.3) lib/puma/thread_pool.rb:106:in `block in spawn_thread'


